CRITICAL - 2022-03-15 17:42:48 --> The framework needs the following extension(s) installed and loaded: intl.
#0 D:\xampp\htdocs\CI\bank-trash\system\CodeIgniter.php(219): CodeIgniter\Exceptions\FrameworkException::forMissingExtension('intl')
#1 D:\xampp\htdocs\CI\bank-trash\system\CodeIgniter.php(177): CodeIgniter\CodeIgniter->resolvePlatformExtensions()
#2 D:\xampp\htdocs\CI\bank-trash\system\bootstrap.php(146): CodeIgniter\CodeIgniter->initialize()
#3 D:\xampp\htdocs\CI\bank-trash\spark(45): require('D:\\xampp\\htdocs...')
#4 {main}
CRITICAL - 2022-03-15 17:48:01 --> The framework needs the following extension(s) installed and loaded: intl.
#0 D:\xampp\htdocs\CI\bank-trash\system\CodeIgniter.php(219): CodeIgniter\Exceptions\FrameworkException::forMissingExtension('intl')
#1 D:\xampp\htdocs\CI\bank-trash\system\CodeIgniter.php(177): CodeIgniter\CodeIgniter->resolvePlatformExtensions()
#2 D:\xampp\htdocs\CI\bank-trash\system\bootstrap.php(146): CodeIgniter\CodeIgniter->initialize()
#3 D:\xampp\htdocs\CI\bank-trash\spark(45): require('D:\\xampp\\htdocs...')
#4 {main}
CRITICAL - 2022-03-15 17:48:36 --> The framework needs the following extension(s) installed and loaded: intl.
#0 D:\xampp\htdocs\CI\bank-trash\system\CodeIgniter.php(219): CodeIgniter\Exceptions\FrameworkException::forMissingExtension('intl')
#1 D:\xampp\htdocs\CI\bank-trash\system\CodeIgniter.php(177): CodeIgniter\CodeIgniter->resolvePlatformExtensions()
#2 D:\xampp\htdocs\CI\bank-trash\system\bootstrap.php(146): CodeIgniter\CodeIgniter->initialize()
#3 D:\xampp\htdocs\CI\bank-trash\spark(45): require('D:\\xampp\\htdocs...')
#4 {main}
CRITICAL - 2022-03-15 17:48:39 --> The framework needs the following extension(s) installed and loaded: intl.
#0 D:\xampp\htdocs\CI\bank-trash\system\CodeIgniter.php(219): CodeIgniter\Exceptions\FrameworkException::forMissingExtension('intl')
#1 D:\xampp\htdocs\CI\bank-trash\system\CodeIgniter.php(177): CodeIgniter\CodeIgniter->resolvePlatformExtensions()
#2 D:\xampp\htdocs\CI\bank-trash\system\bootstrap.php(146): CodeIgniter\CodeIgniter->initialize()
#3 D:\xampp\htdocs\CI\bank-trash\spark(45): require('D:\\xampp\\htdocs...')
#4 {main}
CRITICAL - 2022-03-15 17:48:52 --> The framework needs the following extension(s) installed and loaded: intl.
#0 D:\xampp\htdocs\CI\bank-trash\system\CodeIgniter.php(219): CodeIgniter\Exceptions\FrameworkException::forMissingExtension('intl')
#1 D:\xampp\htdocs\CI\bank-trash\system\CodeIgniter.php(177): CodeIgniter\CodeIgniter->resolvePlatformExtensions()
#2 D:\xampp\htdocs\CI\bank-trash\system\bootstrap.php(146): CodeIgniter\CodeIgniter->initialize()
#3 D:\xampp\htdocs\CI\bank-trash\spark(45): require('D:\\xampp\\htdocs...')
#4 {main}
